Determining if the pthread_create exist failed with the following output:
Change Dir: /home/jdorfsman/git/HydraCamel/ROS_PROJECT/src/CMakeFiles/CMakeTmp

Run Build Command:/usr/bin/make "cmTryCompileExec2026182047/fast"
/usr/bin/make -f CMakeFiles/cmTryCompileExec2026182047.dir/build.make CMakeFiles/cmTryCompileExec2026182047.dir/build
make[1]: Entering directory `/home/jdorfsman/git/HydraCamel/ROS_PROJECT/src/CMakeFiles/CMakeTmp'
/usr/bin/cmake -E cmake_progress_report /home/jdorfsman/git/HydraCamel/ROS_PROJECT/src/CMakeFiles/CMakeTmp/CMakeFiles 1
Building C object CMakeFiles/cmTryCompileExec2026182047.dir/CheckSymbolExists.c.o
/usr/bin/cc    -o CMakeFiles/cmTryCompileExec2026182047.dir/CheckSymbolExists.c.o   -c /home/jdorfsman/git/HydraCamel/ROS_PROJECT/src/CMakeFiles/CMakeTmp/CheckSymbolExists.c
Linking C executable cmTryCompileExec2026182047
/usr/bin/cmake -E cmake_link_script CMakeFiles/cmTryCompileExec2026182047.dir/link.txt --verbose=1
/usr/bin/cc       CMakeFiles/cmTryCompileExec2026182047.dir/CheckSymbolExists.c.o  -o cmTryCompileExec2026182047 -rdynamic 
CMakeFiles/cmTryCompileExec2026182047.dir/CheckSymbolExists.c.o: In function `main':
CheckSymbolExists.c:(.text+0x16): undefined reference to `pthread_create'
collect2: error: ld returned 1 exit status
make[1]: *** [cmTryCompileExec2026182047] Error 1
make[1]: Leaving directory `/home/jdorfsman/git/HydraCamel/ROS_PROJECT/src/CMakeFiles/CMakeTmp'
make: *** [cmTryCompileExec2026182047/fast] Error 2

File /home/jdorfsman/git/HydraCamel/ROS_PROJECT/src/CMakeFiles/CMakeTmp/CheckSymbolExists.c:
/* */
#include <pthread.h>

int main(int argc, char** argv)
{
  (void)argv;
#ifndef pthread_create
  return ((int*)(&pthread_create))[argc];
#else
  (void)argc;
  return 0;
#endif
}

Determining if the function pthread_create exists in the pthreads failed with the following output:
Change Dir: /home/jdorfsman/git/HydraCamel/ROS_PROJECT/src/CMakeFiles/CMakeTmp

Run Build Command:/usr/bin/make "cmTryCompileExec1470391393/fast"
/usr/bin/make -f CMakeFiles/cmTryCompileExec1470391393.dir/build.make CMakeFiles/cmTryCompileExec1470391393.dir/build
make[1]: Entering directory `/home/jdorfsman/git/HydraCamel/ROS_PROJECT/src/CMakeFiles/CMakeTmp'
/usr/bin/cmake -E cmake_progress_report /home/jdorfsman/git/HydraCamel/ROS_PROJECT/src/CMakeFiles/CMakeTmp/CMakeFiles 1
Building C object CMakeFiles/cmTryCompileExec1470391393.dir/CheckFunctionExists.c.o
/usr/bin/cc   -DCHECK_FUNCTION_EXISTS=pthread_create   -o CMakeFiles/cmTryCompileExec1470391393.dir/CheckFunctionExists.c.o   -c /usr/share/cmake-2.8/Modules/CheckFunctionExists.c
Linking C executable cmTryCompileExec1470391393
/usr/bin/cmake -E cmake_link_script CMakeFiles/cmTryCompileExec1470391393.dir/link.txt --verbose=1
/usr/bin/cc   -DCHECK_FUNCTION_EXISTS=pthread_create    CMakeFiles/cmTryCompileExec1470391393.dir/CheckFunctionExists.c.o  -o cmTryCompileExec1470391393 -rdynamic -lpthreads 
/usr/bin/ld: cannot find -lpthreads
collect2: error: ld returned 1 exit status
make[1]: Leaving directory `/home/jdorfsman/git/HydraCamel/ROS_PROJECT/src/CMakeFiles/CMakeTmp'
make[1]: *** [cmTryCompileExec1470391393] Error 1
make: *** [cmTryCompileExec1470391393/fast] Error 2


