Determining if the pthread_create exist failed with the following output:
Change Dir: /home/jdorfsman/git/HydraCamel/ROS_PROJECT/build/CMakeFiles/CMakeTmp

Run Build Command:/usr/bin/make "cmTryCompileExec204582422/fast"
/usr/bin/make -f CMakeFiles/cmTryCompileExec204582422.dir/build.make CMakeFiles/cmTryCompileExec204582422.dir/build
make[1]: Entering directory `/home/jdorfsman/git/HydraCamel/ROS_PROJECT/build/CMakeFiles/CMakeTmp'
/usr/bin/cmake -E cmake_progress_report /home/jdorfsman/git/HydraCamel/ROS_PROJECT/build/CMakeFiles/CMakeTmp/CMakeFiles 1
Building C object CMakeFiles/cmTryCompileExec204582422.dir/CheckSymbolExists.c.o
/usr/bin/cc    -o CMakeFiles/cmTryCompileExec204582422.dir/CheckSymbolExists.c.o   -c /home/jdorfsman/git/HydraCamel/ROS_PROJECT/build/CMakeFiles/CMakeTmp/CheckSymbolExists.c
Linking C executable cmTryCompileExec204582422
/usr/bin/cmake -E cmake_link_script CMakeFiles/cmTryCompileExec204582422.dir/link.txt --verbose=1
/usr/bin/cc       CMakeFiles/cmTryCompileExec204582422.dir/CheckSymbolExists.c.o  -o cmTryCompileExec204582422 -rdynamic 
CMakeFiles/cmTryCompileExec204582422.dir/CheckSymbolExists.c.o: In function `main':
CheckSymbolExists.c:(.text+0x16): undefined reference to `pthread_create'
collect2: error: ld returned 1 exit status
make[1]: *** [cmTryCompileExec204582422] Error 1
make[1]: Leaving directory `/home/jdorfsman/git/HydraCamel/ROS_PROJECT/build/CMakeFiles/CMakeTmp'
make: *** [cmTryCompileExec204582422/fast] Error 2

File /home/jdorfsman/git/HydraCamel/ROS_PROJECT/build/CMakeFiles/CMakeTmp/CheckSymbolExists.c:
/* */
#include <pthread.h>

int main(int argc, char** argv)
{
  (void)argv;
#ifndef pthread_create
  return ((int*)(&pthread_create))[argc];
#else
  (void)argc;
  return 0;
#endif
}

Determining if the function pthread_create exists in the pthreads failed with the following output:
Change Dir: /home/jdorfsman/git/HydraCamel/ROS_PROJECT/build/CMakeFiles/CMakeTmp

Run Build Command:/usr/bin/make "cmTryCompileExec2186213371/fast"
/usr/bin/make -f CMakeFiles/cmTryCompileExec2186213371.dir/build.make CMakeFiles/cmTryCompileExec2186213371.dir/build
make[1]: Entering directory `/home/jdorfsman/git/HydraCamel/ROS_PROJECT/build/CMakeFiles/CMakeTmp'
/usr/bin/cmake -E cmake_progress_report /home/jdorfsman/git/HydraCamel/ROS_PROJECT/build/CMakeFiles/CMakeTmp/CMakeFiles 1
Building C object CMakeFiles/cmTryCompileExec2186213371.dir/CheckFunctionExists.c.o
/usr/bin/cc   -DCHECK_FUNCTION_EXISTS=pthread_create   -o CMakeFiles/cmTryCompileExec2186213371.dir/CheckFunctionExists.c.o   -c /usr/share/cmake-2.8/Modules/CheckFunctionExists.c
Linking C executable cmTryCompileExec2186213371
/usr/bin/cmake -E cmake_link_script CMakeFiles/cmTryCompileExec2186213371.dir/link.txt --verbose=1
/usr/bin/cc   -DCHECK_FUNCTION_EXISTS=pthread_create    CMakeFiles/cmTryCompileExec2186213371.dir/CheckFunctionExists.c.o  -o cmTryCompileExec2186213371 -rdynamic -lpthreads 
/usr/bin/ld: cannot find -lpthreads
collect2: error: ld returned 1 exit status
make[1]: *** [cmTryCompileExec2186213371] Error 1
make[1]: Leaving directory `/home/jdorfsman/git/HydraCamel/ROS_PROJECT/build/CMakeFiles/CMakeTmp'
make: *** [cmTryCompileExec2186213371/fast] Error 2


